<?xml version="1.0" encoding="UTF-8"?>
<testsuite xmlns:xsi="http://www.w3.org/2001/XMLSchema-instance" xsi:noNamespaceSchemaLocation="https://maven.apache.org/surefire/maven-surefire-plugin/xsd/surefire-test-report-3.0.xsd" version="3.0" name="g53298.humbug.model.BoardTest" time="0.036" tests="8" errors="0" skipped="0" failures="0">
  <properties>
[...]
</properties>
  <testcase name="testGetSquareType_null" classname="g53298.humbug.model.BoardTest" time="0.015"/>
  <testcase name="testIsInside_false_outbound_negative" classname="g53298.humbug.model.BoardTest" time="0.002"/>
  <testcase name="testIsInside_false_outbound_positive_row" classname="g53298.humbug.model.BoardTest" time="0.001"/>
  <testcase name="testIsInside_false_outbound_positive_column" classname="g53298.humbug.model.BoardTest" time="0.001"/>
  <testcase name="testIsInside_general_true" classname="g53298.humbug.model.BoardTest" time="0"/>
  <testcase name="testGetSquareType_exist_star" classname="g53298.humbug.model.BoardTest" time="0.001"/>
  <testcase name="testGetSquareType_exist" classname="g53298.humbug.model.BoardTest" time="0"/>
  <testcase name="testIsInside_false_null" classname="g53298.humbug.model.BoardTest" time="0.001"/>
</testsuite>